D:\coda final lo makbili\final project\Initial\x64\Debug\cl.command.1.tlog
D:\coda final lo makbili\final project\Initial\x64\Debug\CL.read.1.tlog
D:\coda final lo makbili\final project\Initial\x64\Debug\CL.write.1.tlog
D:\CODA FINAL LO MAKBILI\FINAL PROJECT\INITIAL\X64\DEBUG\INITIAL.EXE.EMBED.MANIFEST
D:\CODA FINAL LO MAKBILI\FINAL PROJECT\INITIAL\X64\DEBUG\INITIAL.EXE.EMBED.MANIFEST.RES
D:\CODA FINAL LO MAKBILI\FINAL PROJECT\INITIAL\X64\DEBUG\INITIAL.EXE.INTERMEDIATE.MANIFEST
D:\coda final lo makbili\final project\Initial\x64\Debug\Initial.vcxprojResolveAssemblyReference.cache
D:\coda final lo makbili\final project\Initial\x64\Debug\Initial.write.1.tlog
D:\coda final lo makbili\final project\Initial\x64\Debug\Initial_manifest.rc
D:\coda final lo makbili\final project\Initial\x64\Debug\link.10876.read.1.tlog
D:\coda final lo makbili\final project\Initial\x64\Debug\link.10876.write.1.tlog
D:\coda final lo makbili\final project\Initial\x64\Debug\link.10876-cvtres.read.1.tlog
D:\coda final lo makbili\final project\Initial\x64\Debug\link.10876-cvtres.write.1.tlog
D:\coda final lo makbili\final project\Initial\x64\Debug\link.command.1.tlog
D:\coda final lo makbili\final project\Initial\x64\Debug\link.read.1.tlog
D:\coda final lo makbili\final project\Initial\x64\Debug\link.write.1.tlog
D:\coda final lo makbili\final project\Initial\x64\Debug\link-cvtres.read.1.tlog
D:\coda final lo makbili\final project\Initial\x64\Debug\link-cvtres.write.1.tlog
D:\CODA FINAL LO MAKBILI\FINAL PROJECT\INITIAL\X64\DEBUG\MAIN.OBJ
D:\coda final lo makbili\final project\Initial\x64\Debug\mt.command.1.tlog
D:\coda final lo makbili\final project\Initial\x64\Debug\mt.read.1.tlog
D:\coda final lo makbili\final project\Initial\x64\Debug\mt.write.1.tlog
D:\coda final lo makbili\final project\Initial\x64\Debug\rc.command.1.tlog
D:\coda final lo makbili\final project\Initial\x64\Debug\rc.read.1.tlog
D:\coda final lo makbili\final project\Initial\x64\Debug\rc.write.1.tlog
D:\coda final lo makbili\final project\Initial\x64\Debug\vc100.idb
D:\CODA FINAL LO MAKBILI\FINAL PROJECT\INITIAL\X64\DEBUG\VC100.PDB
D:\CODA FINAL LO MAKBILI\FINAL PROJECT\X64\DEBUG\INITIAL.EXE
D:\CODA FINAL LO MAKBILI\FINAL PROJECT\X64\DEBUG\INITIAL.ILK
D:\CODA FINAL LO MAKBILI\FINAL PROJECT\X64\DEBUG\INITIAL.PDB
